This is pdfTeX, Version 3.14159265-2.6-1.40.18 (TeX Live 2017/Debian) (preloaded format=pdflatex 2019.3.14)  16 APR 2019 22:28
entering extended mode
 restricted \write18 enabled.
 %&-line parsing enabled.
**trabalho_2.tex
(./trabalho_2.tex
LaTeX2e <2017-04-15>
Babel <3.18> and hyphenation patterns for 84 language(s) loaded.
(./ufsctex/ufsctex.cls
(/usr/share/texlive/texmf-dist/tex/latex/base/inputenc.sty
Package: inputenc 2015/03/17 v1.2c Input encoding file
\inpenc@prehook=\toks14
\inpenc@posthook=\toks15

(/usr/share/texlive/texmf-dist/tex/latex/base/utf8.def
File: utf8.def 2017/01/28 v1.1t UTF-8 support for inputenc
Now handling font encoding OML ...
... no UTF-8 mapping file for font encoding OML
Now handling font encoding T1 ...
... processing UTF-8 mapping file for font encoding T1

(/usr/share/texlive/texmf-dist/tex/latex/base/t1enc.dfu
File: t1enc.dfu 2017/01/28 v1.1t UTF-8 support for inputenc
   defining Unicode char U+00A0 (decimal 160)
   defining Unicode char U+00A1 (decimal 161)
   defining Unicode char U+00A3 (decimal 163)
   defining Unicode char U+00AB (decimal 171)
   defining Unicode char U+00AD (decimal 173)
   defining Unicode char U+00BB (decimal 187)
   defining Unicode char U+00BF (decimal 191)
   defining Unicode char U+00C0 (decimal 192)
   defining Unicode char U+00C1 (decimal 193)
   defining Unicode char U+00C2 (decimal 194)
   defining Unicode char U+00C3 (decimal 195)
   defining Unicode char U+00C4 (decimal 196)
   defining Unicode char U+00C5 (decimal 197)
   defining Unicode char U+00C6 (decimal 198)
   defining Unicode char U+00C7 (decimal 199)
   defining Unicode char U+00C8 (decimal 200)
   defining Unicode char U+00C9 (decimal 201)
   defining Unicode char U+00CA (decimal 202)
   defining Unicode char U+00CB (decimal 203)
   defining Unicode char U+00CC (decimal 204)
   defining Unicode char U+00CD (decimal 205)
   defining Unicode char U+00CE (decimal 206)
   defining Unicode char U+00CF (decimal 207)
   defining Unicode char U+00D0 (decimal 208)
   defining Unicode char U+00D1 (decimal 209)
   defining Unicode char U+00D2 (decimal 210)
   defining Unicode char U+00D3 (decimal 211)
   defining Unicode char U+00D4 (decimal 212)
   defining Unicode char U+00D5 (decimal 213)
   defining Unicode char U+00D6 (decimal 214)
   defining Unicode char U+00D8 (decimal 216)
   defining Unicode char U+00D9 (decimal 217)
   defining Unicode char U+00DA (decimal 218)
   defining Unicode char U+00DB (decimal 219)
   defining Unicode char U+00DC (decimal 220)
   defining Unicode char U+00DD (decimal 221)
   defining Unicode char U+00DE (decimal 222)
   defining Unicode char U+00DF (decimal 223)
   defining Unicode char U+00E0 (decimal 224)
   defining Unicode char U+00E1 (decimal 225)
   defining Unicode char U+00E2 (decimal 226)
   defining Unicode char U+00E3 (decimal 227)
   defining Unicode char U+00E4 (decimal 228)
   defining Unicode char U+00E5 (decimal 229)
   defining Unicode char U+00E6 (decimal 230)
   defining Unicode char U+00E7 (decimal 231)
   defining Unicode char U+00E8 (decimal 232)
   defining Unicode char U+00E9 (decimal 233)
   defining Unicode char U+00EA (decimal 234)
   defining Unicode char U+00EB (decimal 235)
   defining Unicode char U+00EC (decimal 236)
   defining Unicode char U+00ED (decimal 237)
   defining Unicode char U+00EE (decimal 238)
   defining Unicode char U+00EF (decimal 239)
   defining Unicode char U+00F0 (decimal 240)
   defining Unicode char U+00F1 (decimal 241)
   defining Unicode char U+00F2 (decimal 242)
   defining Unicode char U+00F3 (decimal 243)
   defining Unicode char U+00F4 (decimal 244)
   defining Unicode char U+00F5 (decimal 245)
   defining Unicode char U+00F6 (decimal 246)
   defining Unicode char U+00F8 (decimal 248)
   defining Unicode char U+00F9 (decimal 249)
   defining Unicode char U+00FA (decimal 250)
   defining Unicode char U+00FB (decimal 251)
   defining Unicode char U+00FC (decimal 252)
   defining Unicode char U+00FD (decimal 253)
   defining Unicode char U+00FE (decimal 254)
   defining Unicode char U+00FF (decimal 255)
   defining Unicode char U+0100 (decimal 256)
   defining Unicode char U+0101 (decimal 257)
   defining Unicode char U+0102 (decimal 258)
   defining Unicode char U+0103 (decimal 259)
   defining Unicode char U+0104 (decimal 260)
   defining Unicode char U+0105 (decimal 261)
   defining Unicode char U+0106 (decimal 262)
   defining Unicode char U+0107 (decimal 263)
   defining Unicode char U+0108 (decimal 264)
   defining Unicode char U+0109 (decimal 265)
   defining Unicode char U+010A (decimal 266)
   defining Unicode char U+010B (decimal 267)
   defining Unicode char U+010C (decimal 268)
   defining Unicode char U+010D (decimal 269)
   defining Unicode char U+010E (decimal 270)
   defining Unicode char U+010F (decimal 271)
   defining Unicode char U+0110 (decimal 272)
   defining Unicode char U+0111 (decimal 273)
   defining Unicode char U+0112 (decimal 274)
   defining Unicode char U+0113 (decimal 275)
   defining Unicode char U+0114 (decimal 276)
   defining Unicode char U+0115 (decimal 277)
   defining Unicode char U+0116 (decimal 278)
   defining Unicode char U+0117 (decimal 279)
   defining Unicode char U+0118 (decimal 280)
   defining Unicode char U+0119 (decimal 281)
   defining Unicode char U+011A (decimal 282)
   defining Unicode char U+011B (decimal 283)
   defining Unicode char U+011C (decimal 284)
   defining Unicode char U+011D (decimal 285)
   defining Unicode char U+011E (decimal 286)
   defining Unicode char U+011F (decimal 287)
   defining Unicode char U+0120 (decimal 288)
   defining Unicode char U+0121 (decimal 289)
   defining Unicode char U+0122 (decimal 290)
   defining Unicode char U+0123 (decimal 291)
   defining Unicode char U+0124 (decimal 292)
   defining Unicode char U+0125 (decimal 293)
   defining Unicode char U+0128 (decimal 296)
   defining Unicode char U+0129 (decimal 297)
   defining Unicode char U+012A (decimal 298)
   defining Unicode char U+012B (decimal 299)
   defining Unicode char U+012C (decimal 300)
   defining Unicode char U+012D (decimal 301)
   defining Unicode char U+012E (decimal 302)
   defining Unicode char U+012F (decimal 303)
   defining Unicode char U+0130 (decimal 304)
   defining Unicode char U+0131 (decimal 305)
   defining Unicode char U+0132 (decimal 306)
   defining Unicode char U+0133 (decimal 307)
   defining Unicode char U+0134 (decimal 308)
   defining Unicode char U+0135 (decimal 309)
   defining Unicode char U+0136 (decimal 310)
   defining Unicode char U+0137 (decimal 311)
   defining Unicode char U+0139 (decimal 313)
   defining Unicode char U+013A (decimal 314)
   defining Unicode char U+013B (decimal 315)
   defining Unicode char U+013C (decimal 316)
   defining Unicode char U+013D (decimal 317)
   defining Unicode char U+013E (decimal 318)
   defining Unicode char U+0141 (decimal 321)
   defining Unicode char U+0142 (decimal 322)
   defining Unicode char U+0143 (decimal 323)
   defining Unicode char U+0144 (decimal 324)
   defining Unicode char U+0145 (decimal 325)
   defining Unicode char U+0146 (decimal 326)
   defining Unicode char U+0147 (decimal 327)
   defining Unicode char U+0148 (decimal 328)
   defining Unicode char U+014A (decimal 330)
   defining Unicode char U+014B (decimal 331)
   defining Unicode char U+014C (decimal 332)
   defining Unicode char U+014D (decimal 333)
   defining Unicode char U+014E (decimal 334)
   defining Unicode char U+014F (decimal 335)
   defining Unicode char U+0150 (decimal 336)
   defining Unicode char U+0151 (decimal 337)
   defining Unicode char U+0152 (decimal 338)
   defining Unicode char U+0153 (decimal 339)
   defining Unicode char U+0154 (decimal 340)
   defining Unicode char U+0155 (decimal 341)
   defining Unicode char U+0156 (decimal 342)
   defining Unicode char U+0157 (decimal 343)
   defining Unicode char U+0158 (decimal 344)
   defining Unicode char U+0159 (decimal 345)
   defining Unicode char U+015A (decimal 346)
   defining Unicode char U+015B (decimal 347)
   defining Unicode char U+015C (decimal 348)
   defining Unicode char U+015D (decimal 349)
   defining Unicode char U+015E (decimal 350)
   defining Unicode char U+015F (decimal 351)
   defining Unicode char U+0160 (decimal 352)
   defining Unicode char U+0161 (decimal 353)
   defining Unicode char U+0162 (decimal 354)
   defining Unicode char U+0163 (decimal 355)
   defining Unicode char U+0164 (decimal 356)
   defining Unicode char U+0165 (decimal 357)
   defining Unicode char U+0168 (decimal 360)
   defining Unicode char U+0169 (decimal 361)
   defining Unicode char U+016A (decimal 362)
   defining Unicode char U+016B (decimal 363)
   defining Unicode char U+016C (decimal 364)
   defining Unicode char U+016D (decimal 365)
   defining Unicode char U+016E (decimal 366)
   defining Unicode char U+016F (decimal 367)
   defining Unicode char U+0170 (decimal 368)
   defining Unicode char U+0171 (decimal 369)
   defining Unicode char U+0172 (decimal 370)
   defining Unicode char U+0173 (decimal 371)
   defining Unicode char U+0174 (decimal 372)
   defining Unicode char U+0175 (decimal 373)
   defining Unicode char U+0176 (decimal 374)
   defining Unicode char U+0177 (decimal 375)
   defining Unicode char U+0178 (decimal 376)
   defining Unicode char U+0179 (decimal 377)
   defining Unicode char U+017A (decimal 378)
   defining Unicode char U+017B (decimal 379)
   defining Unicode char U+017C (decimal 380)
   defining Unicode char U+017D (decimal 381)
   defining Unicode char U+017E (decimal 382)
   defining Unicode char U+01CD (decimal 461)
   defining Unicode char U+01CE (decimal 462)
   defining Unicode char U+01CF (decimal 463)
   defining Unicode char U+01D0 (decimal 464)
   defining Unicode char U+01D1 (decimal 465)
   defining Unicode char U+01D2 (decimal 466)
   defining Unicode char U+01D3 (decimal 467)
   defining Unicode char U+01D4 (decimal 468)
   defining Unicode char U+01E2 (decimal 482)
   defining Unicode char U+01E3 (decimal 483)
   defining Unicode char U+01E6 (decimal 486)
   defining Unicode char U+01E7 (decimal 487)
   defining Unicode char U+01E8 (decimal 488)
   defining Unicode char U+01E9 (decimal 489)
   defining Unicode char U+01EA (decimal 490)
   defining Unicode char U+01EB (decimal 491)
   defining Unicode char U+01F0 (decimal 496)
   defining Unicode char U+01F4 (decimal 500)
   defining Unicode char U+01F5 (decimal 501)
   defining Unicode char U+0218 (decimal 536)
   defining Unicode char U+0219 (decimal 537)
   defining Unicode char U+021A (decimal 538)
   defining Unicode char U+021B (decimal 539)
   defining Unicode char U+0232 (decimal 562)
   defining Unicode char U+0233 (decimal 563)
   defining Unicode char U+1E02 (decimal 7682)
   defining Unicode char U+1E03 (decimal 7683)
   defining Unicode char U+200C (decimal 8204)
   defining Unicode char U+2010 (decimal 8208)
   defining Unicode char U+2011 (decimal 8209)
   defining Unicode char U+2012 (decimal 8210)
   defining Unicode char U+2013 (decimal 8211)
   defining Unicode char U+2014 (decimal 8212)
   defining Unicode char U+2015 (decimal 8213)
   defining Unicode char U+2018 (decimal 8216)
   defining Unicode char U+2019 (decimal 8217)
   defining Unicode char U+201A (decimal 8218)
   defining Unicode char U+201C (decimal 8220)
   defining Unicode char U+201D (decimal 8221)
   defining Unicode char U+201E (decimal 8222)
   defining Unicode char U+2030 (decimal 8240)
   defining Unicode char U+2031 (decimal 8241)
   defining Unicode char U+2039 (decimal 8249)
   defining Unicode char U+203A (decimal 8250)
   defining Unicode char U+2423 (decimal 9251)
   defining Unicode char U+1E20 (decimal 7712)
   defining Unicode char U+1E21 (decimal 7713)
)
Now handling font encoding OT1 ...
... processing UTF-8 mapping file for font encoding OT1

(/usr/share/texlive/texmf-dist/tex/latex/base/ot1enc.dfu
File: ot1enc.dfu 2017/01/28 v1.1t UTF-8 support for inputenc
   defining Unicode char U+00A0 (decimal 160)
   defining Unicode char U+00A1 (decimal 161)
   defining Unicode char U+00A3 (decimal 163)
   defining Unicode char U+00AD (decimal 173)
   defining Unicode char U+00B8 (decimal 184)
   defining Unicode char U+00BF (decimal 191)
   defining Unicode char U+00C5 (decimal 197)
   defining Unicode char U+00C6 (decimal 198)
   defining Unicode char U+00D8 (decimal 216)
   defining Unicode char U+00DF (decimal 223)
   defining Unicode char U+00E6 (decimal 230)
   defining Unicode char U+00EC (decimal 236)
   defining Unicode char U+00ED (decimal 237)
   defining Unicode char U+00EE (decimal 238)
   defining Unicode char U+00EF (decimal 239)
   defining Unicode char U+00F8 (decimal 248)
   defining Unicode char U+0131 (decimal 305)
   defining Unicode char U+0141 (decimal 321)
   defining Unicode char U+0142 (decimal 322)
   defining Unicode char U+0152 (decimal 338)
   defining Unicode char U+0153 (decimal 339)
   defining Unicode char U+0174 (decimal 372)
   defining Unicode char U+0175 (decimal 373)
   defining Unicode char U+0176 (decimal 374)
   defining Unicode char U+0177 (decimal 375)
   defining Unicode char U+0218 (decimal 536)
   defining Unicode char U+0219 (decimal 537)
   defining Unicode char U+021A (decimal 538)
   defining Unicode char U+021B (decimal 539)
   defining Unicode char U+2013 (decimal 8211)
   defining Unicode char U+2014 (decimal 8212)
   defining Unicode char U+2018 (decimal 8216)
   defining Unicode char U+2019 (decimal 8217)
   defining Unicode char U+201C (decimal 8220)
   defining Unicode char U+201D (decimal 8221)
)
Now handling font encoding OMS ...
... processing UTF-8 mapping file for font encoding OMS

(/usr/share/texlive/texmf-dist/tex/latex/base/omsenc.dfu
File: omsenc.dfu 2017/01/28 v1.1t UTF-8 support for inputenc
   defining Unicode char U+00A7 (decimal 167)
   defining Unicode char U+00B6 (decimal 182)
   defining Unicode char U+00B7 (decimal 183)
   defining Unicode char U+2020 (decimal 8224)
   defining Unicode char U+2021 (decimal 8225)
   defining Unicode char U+2022 (decimal 8226)
)
Now handling font encoding OMX ...
... no UTF-8 mapping file for font encoding OMX
Now handling font encoding U ...
... no UTF-8 mapping file for font encoding U
   defining Unicode char U+00A9 (decimal 169)
   defining Unicode char U+00AA (decimal 170)
   defining Unicode char U+00AE (decimal 174)
   defining Unicode char U+00BA (decimal 186)
   defining Unicode char U+02C6 (decimal 710)
   defining Unicode char U+02DC (decimal 732)
   defining Unicode char U+200C (decimal 8204)
   defining Unicode char U+2026 (decimal 8230)
   defining Unicode char U+2122 (decimal 8482)
   defining Unicode char U+2423 (decimal 9251)
))
(/usr/share/texlive/texmf-dist/tex/latex/base/fontenc.sty
Package: fontenc 2017/04/05 v2.0i Standard LaTeX package

(/usr/share/texlive/texmf-dist/tex/latex/base/t1enc.def
File: t1enc.def 2017/04/05 v2.0i Standard LaTeX file
LaTeX Font Info:    Redeclaring font encoding T1 on input line 48.
))

LaTeX Warning: You have requested document class `ufsctex/ufsctex',
               but the document class provides `ufsctex'.

Document Class: ufsctex 
(/usr/share/texmf/tex/latex/abntex/abnt.cls
(/usr/share/texmf/tex/latex/abntex/cvs-id.def)
Document Class: abnt 2006/09/09 v1.32 Classe abnt (NBR6024, NBR6027, NBR6028, N
BR14724)
(/usr/share/texlive/texmf-dist/tex/latex/base/ifthen.sty
Package: ifthen 2014/09/29 v1.1c Standard LaTeX ifthen package (DPC)
)
(/usr/share/texlive/texmf-dist/tex/latex/tools/calc.sty
Package: calc 2014/10/28 v4.3 Infix arithmetic (KKT,FJ)
\calc@Acount=\count79
\calc@Bcount=\count80
\calc@Adimen=\dimen102
\calc@Bdimen=\dimen103
\calc@Askip=\skip41
\calc@Bskip=\skip42
LaTeX Info: Redefining \setlength on input line 80.
LaTeX Info: Redefining \addtolength on input line 81.
\calc@Ccount=\count81
\calc@Cskip=\skip43
)
(/usr/share/texlive/texmf-dist/tex/latex/tools/multicol.sty
Package: multicol 2017/04/11 v1.8q multicolumn formatting (FMi)
\c@tracingmulticols=\count82
\mult@box=\box26
\multicol@leftmargin=\dimen104
\c@unbalance=\count83
\c@collectmore=\count84
\doublecol@number=\count85
\multicoltolerance=\count86
\multicolpretolerance=\count87
\full@width=\dimen105
\page@free=\dimen106
\premulticols=\dimen107
\postmulticols=\dimen108
\multicolsep=\skip44
\multicolbaselineskip=\skip45
\partial@page=\box27
\last@line=\box28
\maxbalancingoverflow=\dimen109
\mult@rightbox=\box29
\mult@grightbox=\box30
\mult@gfirstbox=\box31
\mult@firstbox=\box32
\@tempa=\box33
\@tempa=\box34
\@tempa=\box35
\@tempa=\box36
\@tempa=\box37
\@tempa=\box38
\@tempa=\box39
\@tempa=\box40
\@tempa=\box41
\@tempa=\box42
\@tempa=\box43
\@tempa=\box44
\@tempa=\box45
\@tempa=\box46
\@tempa=\box47
\@tempa=\box48
\@tempa=\box49
\c@columnbadness=\count88
\c@finalcolumnbadness=\count89
\last@try=\dimen110
\multicolovershoot=\dimen111
\multicolundershoot=\dimen112
\mult@nat@firstbox=\box50
\colbreak@box=\box51
\mc@col@check@num=\count90
)
(/usr/share/texmf/tex/latex/abntex/abntex-abrev.sty
(/usr/share/texmf/tex/latex/abntex/cvs-id.def)
Package: abntex-abrev 2005/11/14 v1.4 Abreviacoes

(/usr/share/texmf/tex/latex/abntex/nbr10522-1988.def
(/usr/share/texmf/tex/latex/abntex/cvs-id.def)
File: nbr10522-1988.def 2003/10/13 v1.2 Abreviacoes bibliograficas (NBR10522:19
88)
)
(/usr/share/texmf/tex/latex/abntex/abntex-abrev-pt_BR.def
(/usr/share/texmf/tex/latex/abntex/cvs-id.def)
File: abntex-abrev-pt_BR.def 2005/11/14 v1.3 definicao de abntex-abrev, traduca
o de termos en_US/pt_BR
))
(/usr/share/texmf/tex/latex/abntex/abntex-text.sty
(/usr/share/texmf/tex/latex/abntex/cvs-id.def)
Package: abntex-text 2005/11/14 v1.1 abnTeX text replacements

(/usr/share/texmf/tex/latex/abntex/abntex-text-pt_BR.def
(/usr/share/texmf/tex/latex/abntex/cvs-id.def)
File: abntex-text-pt_BR.def 2005/12/21 v1.2 Definicao de nomes em Portugues/Bra
sil (pt_BR)
))
(/usr/share/texmf/tex/latex/abntex/abntex-default-design.sty
(/usr/share/texmf/tex/latex/abntex/cvs-id.def)
Package: abntex-default-design 2005/06/22 v1.2 Definicoes de design padrao do a
bntex

(/usr/share/texlive/texmf-dist/tex/latex/relsize/relsize.sty
Package: relsize 2013/03/29 ver 4.1


Package relsize Warning: Failed to get list of defined font sizes.
(relsize)                Size scaling will attempt arbitrary sizes..

)
\ABNTanapindent=\skip46
\ABNTsignwidth=\skip47
\ABNTsignthickness=\skip48
\ABNTsignskip=\skip49
) (/usr/share/texmf/tex/latex/abntex/nbr6027-1989.def)
(/usr/share/texmf/tex/latex/abntex/nbr14724-2001.def)
(/usr/share/texlive/texmf-dist/tex/latex/base/report.cls
Document Class: report 2014/09/29 v1.4h Standard LaTeX document class
(/usr/share/texlive/texmf-dist/tex/latex/base/size10.clo
File: size10.clo 2014/09/29 v1.4h Standard LaTeX file (size option)
)
\c@part=\count91
\c@chapter=\count92
\c@section=\count93
\c@subsection=\count94
\c@subsubsection=\count95
\c@paragraph=\count96
\c@subparagraph=\count97
\c@figure=\count98
\c@table=\count99
\abovecaptionskip=\skip50
\belowcaptionskip=\skip51
\bibindent=\dimen113
)
(/usr/share/texlive/texmf-dist/tex/latex/setspace/setspace.sty
Package: setspace 2011/12/19 v6.7a set line spacing
)
(/usr/share/texlive/texmf-dist/tex/latex/psnfss/mathptmx.sty
Package: mathptmx 2005/04/12 PSNFSS-v9.2a Times w/ Math, improved (SPQR, WaS) 
LaTeX Font Info:    Redeclaring symbol font `operators' on input line 28.
LaTeX Font Info:    Overwriting symbol font `operators' in version `normal'
(Font)                  OT1/cmr/m/n --> OT1/ztmcm/m/n on input line 28.
LaTeX Font Info:    Overwriting symbol font `operators' in version `bold'
(Font)                  OT1/cmr/bx/n --> OT1/ztmcm/m/n on input line 28.
LaTeX Font Info:    Redeclaring symbol font `letters' on input line 29.
LaTeX Font Info:    Overwriting symbol font `letters' in version `normal'
(Font)                  OML/cmm/m/it --> OML/ztmcm/m/it on input line 29.
LaTeX Font Info:    Overwriting symbol font `letters' in version `bold'
(Font)                  OML/cmm/b/it --> OML/ztmcm/m/it on input line 29.
LaTeX Font Info:    Redeclaring symbol font `symbols' on input line 30.
LaTeX Font Info:    Overwriting symbol font `symbols' in version `normal'
(Font)                  OMS/cmsy/m/n --> OMS/ztmcm/m/n on input line 30.
LaTeX Font Info:    Overwriting symbol font `symbols' in version `bold'
(Font)                  OMS/cmsy/b/n --> OMS/ztmcm/m/n on input line 30.
LaTeX Font Info:    Redeclaring symbol font `largesymbols' on input line 31.
LaTeX Font Info:    Overwriting symbol font `largesymbols' in version `normal'
(Font)                  OMX/cmex/m/n --> OMX/ztmcm/m/n on input line 31.
LaTeX Font Info:    Overwriting symbol font `largesymbols' in version `bold'
(Font)                  OMX/cmex/m/n --> OMX/ztmcm/m/n on input line 31.
\symbold=\mathgroup4
\symitalic=\mathgroup5
LaTeX Font Info:    Redeclaring math alphabet \mathbf on input line 34.
LaTeX Font Info:    Overwriting math alphabet `\mathbf' in version `normal'
(Font)                  OT1/cmr/bx/n --> OT1/ptm/bx/n on input line 34.
LaTeX Font Info:    Overwriting math alphabet `\mathbf' in version `bold'
(Font)                  OT1/cmr/bx/n --> OT1/ptm/bx/n on input line 34.
LaTeX Font Info:    Redeclaring math alphabet \mathit on input line 35.
LaTeX Font Info:    Overwriting math alphabet `\mathit' in version `normal'
(Font)                  OT1/cmr/m/it --> OT1/ptm/m/it on input line 35.
LaTeX Font Info:    Overwriting math alphabet `\mathit' in version `bold'
(Font)                  OT1/cmr/bx/it --> OT1/ptm/m/it on input line 35.
LaTeX Info: Redefining \hbar on input line 50.
)
(/usr/share/texlive/texmf-dist/tex/latex/psnfss/helvet.sty
Package: helvet 2005/04/12 PSNFSS-v9.2a (WaS) 

(/usr/share/texlive/texmf-dist/tex/latex/graphics/keyval.sty
Package: keyval 2014/10/28 v1.15 key=value parser (DPC)
\KV@toks@=\toks16
))
(/usr/share/texlive/texmf-dist/tex/latex/tools/indentfirst.sty
Package: indentfirst 1995/11/23 v1.03 Indent first paragraph (DPC)
))
(/usr/share/texlive/texmf-dist/tex/latex/geometry/geometry.sty
Package: geometry 2010/09/12 v5.6 Page Geometry

(/usr/share/texlive/texmf-dist/tex/generic/oberdiek/ifpdf.sty
Package: ifpdf 2017/03/15 v3.2 Provides the ifpdf switch
)
(/usr/share/texlive/texmf-dist/tex/generic/oberdiek/ifvtex.sty
Package: ifvtex 2016/05/16 v1.6 Detect VTeX and its facilities (HO)
Package ifvtex Info: VTeX not detected.
)
(/usr/share/texlive/texmf-dist/tex/generic/ifxetex/ifxetex.sty
Package: ifxetex 2010/09/12 v0.6 Provides ifxetex conditional
)
\Gm@cnth=\count100
\Gm@cntv=\count101
\c@Gm@tempcnt=\count102
\Gm@bindingoffset=\dimen114
\Gm@wd@mp=\dimen115
\Gm@odd@mp=\dimen116
\Gm@even@mp=\dimen117
\Gm@layoutwidth=\dimen118
\Gm@layoutheight=\dimen119
\Gm@layouthoffset=\dimen120
\Gm@layoutvoffset=\dimen121
\Gm@dimlist=\toks17
)
(./ufsctex/ufsctex.sty
(/usr/share/texlive/texmf-dist/tex/generic/babel/babel.sty
Package: babel 2018/02/14 3.18 The Babel package

(/usr/share/texlive/texmf-dist/tex/generic/babel/switch.def
File: switch.def 2018/02/14 3.18 Babel switching mechanism
)
(/usr/share/texlive/texmf-dist/tex/generic/babel-portuges/portuges.ldf
Language: portuges 2008/03/18 v1.2q Portuguese support from the babel system

(/usr/share/texlive/texmf-dist/tex/generic/babel/babel.def
File: babel.def 2018/02/14 3.18 Babel common definitions
\babel@savecnt=\count103
\U@D=\dimen122

(/usr/share/texlive/texmf-dist/tex/generic/babel/txtbabel.def)
\bbl@dirlevel=\count104
)
\l@brazil = a dialect from \language\l@portuges 
Package babel Info: Making " an active character on input line 145.
))
(/usr/share/texlive/texmf-dist/tex/generic/ulem/ulem.sty
\UL@box=\box52
\UL@hyphenbox=\box53
\UL@skip=\skip52
\UL@hook=\toks18
\UL@height=\dimen123
\UL@pe=\count105
\UL@pixel=\dimen124
\ULC@box=\box54
Package: ulem 2012/05/18
\ULdepth=\dimen125
)
(/usr/share/texlive/texmf-dist/tex/latex/subfigure/subfigure.sty
Package: subfigure 2002/03/15 v2.1.5 subfigure package
\subfigtopskip=\skip53
\subfigcapskip=\skip54
\subfigcaptopadj=\dimen126
\subfigbottomskip=\skip55
\subfigcapmargin=\dimen127
\subfiglabelskip=\skip56
\c@subfigure=\count106
\c@lofdepth=\count107
\c@subtable=\count108
\c@lotdepth=\count109

****************************************
* Local config file subfigure.cfg used *
****************************************
(/usr/share/texlive/texmf-dist/tex/latex/subfigure/subfigure.cfg)
\subfig@top=\skip57
\subfig@bottom=\skip58
)
(/usr/share/texlive/texmf-dist/tex/latex/carlisle/remreset.sty)
(/usr/share/texlive/texmf-dist/tex/latex/url/url.sty
\Urlmuskip=\muskip10
Package: url 2013/09/16  ver 3.4  Verb mode for urls, etc.
)
(/usr/share/texlive/texmf-dist/tex/latex/hyperref/hyperref.sty
Package: hyperref 2018/02/06 v6.86b Hypertext links for LaTeX

(/usr/share/texlive/texmf-dist/tex/generic/oberdiek/hobsub-hyperref.sty
Package: hobsub-hyperref 2016/05/16 v1.14 Bundle oberdiek, subset hyperref (HO)


(/usr/share/texlive/texmf-dist/tex/generic/oberdiek/hobsub-generic.sty
Package: hobsub-generic 2016/05/16 v1.14 Bundle oberdiek, subset generic (HO)
Package: hobsub 2016/05/16 v1.14 Construct package bundles (HO)
Package: infwarerr 2016/05/16 v1.4 Providing info/warning/error messages (HO)
Package: ltxcmds 2016/05/16 v1.23 LaTeX kernel commands for general use (HO)
Package: ifluatex 2016/05/16 v1.4 Provides the ifluatex switch (HO)
Package ifluatex Info: LuaTeX not detected.
Package hobsub Info: Skipping package `ifvtex' (already loaded).
Package: intcalc 2016/05/16 v1.2 Expandable calculations with integers (HO)
Package hobsub Info: Skipping package `ifpdf' (already loaded).
Package: etexcmds 2016/05/16 v1.6 Avoid name clashes with e-TeX commands (HO)
Package etexcmds Info: Could not find \expanded.
(etexcmds)             That can mean that you are not using pdfTeX 1.50 or
(etexcmds)             that some package has redefined \expanded.
(etexcmds)             In the latter case, load this package earlier.
Package: kvsetkeys 2016/05/16 v1.17 Key value parser (HO)
Package: kvdefinekeys 2016/05/16 v1.4 Define keys (HO)
Package: pdftexcmds 2018/01/21 v0.26 Utility functions of pdfTeX for LuaTeX (HO
)
Package pdftexcmds Info: LuaTeX not detected.
Package pdftexcmds Info: \pdf@primitive is available.
Package pdftexcmds Info: \pdf@ifprimitive is available.
Package pdftexcmds Info: \pdfdraftmode found.
Package: pdfescape 2016/05/16 v1.14 Implements pdfTeX's escape features (HO)
Package: bigintcalc 2016/05/16 v1.4 Expandable calculations on big integers (HO
)
Package: bitset 2016/05/16 v1.2 Handle bit-vector datatype (HO)
Package: uniquecounter 2016/05/16 v1.3 Provide unlimited unique counter (HO)
)
Package hobsub Info: Skipping package `hobsub' (already loaded).
Package: letltxmacro 2016/05/16 v1.5 Let assignment for LaTeX macros (HO)
Package: hopatch 2016/05/16 v1.3 Wrapper for package hooks (HO)
Package: xcolor-patch 2016/05/16 xcolor patch
Package: atveryend 2016/05/16 v1.9 Hooks at the very end of document (HO)
Package atveryend Info: \enddocument detected (standard20110627).
Package: atbegshi 2016/06/09 v1.18 At begin shipout hook (HO)
Package: refcount 2016/05/16 v3.5 Data extraction from label references (HO)
Package: hycolor 2016/05/16 v1.8 Color options for hyperref/bookmark (HO)
)
(/usr/share/texlive/texmf-dist/tex/latex/oberdiek/auxhook.sty
Package: auxhook 2016/05/16 v1.4 Hooks for auxiliary files (HO)
)
(/usr/share/texlive/texmf-dist/tex/latex/oberdiek/kvoptions.sty
Package: kvoptions 2016/05/16 v3.12 Key value format for package options (HO)
)
\@linkdim=\dimen128
\Hy@linkcounter=\count110
\Hy@pagecounter=\count111

(/usr/share/texlive/texmf-dist/tex/latex/hyperref/pd1enc.def
File: pd1enc.def 2018/02/06 v6.86b Hyperref: PDFDocEncoding definition (HO)
Now handling font encoding PD1 ...
... no UTF-8 mapping file for font encoding PD1
)
\Hy@SavedSpaceFactor=\count112

(/usr/share/texlive/texmf-dist/tex/latex/latexconfig/hyperref.cfg
File: hyperref.cfg 2002/06/06 v1.2 hyperref configuration of TeXLive
)
Package hyperref Info: Option `colorlinks' set `true' on input line 4383.
Package hyperref Info: Hyper figures OFF on input line 4509.
Package hyperref Info: Link nesting OFF on input line 4514.
Package hyperref Info: Hyper index ON on input line 4517.
Package hyperref Info: Plain pages OFF on input line 4524.
Package hyperref Info: Backreferencing OFF on input line 4529.
Package hyperref Info: Implicit mode ON; LaTeX internals redefined.
Package hyperref Info: Bookmarks ON on input line 4762.
\c@Hy@tempcnt=\count113
LaTeX Info: Redefining \url on input line 5115.
\XeTeXLinkMargin=\dimen129
\Fld@menulength=\count114
\Field@Width=\dimen130
\Fld@charsize=\dimen131
Package hyperref Info: Hyper figures OFF on input line 6369.
Package hyperref Info: Link nesting OFF on input line 6374.
Package hyperref Info: Hyper index ON on input line 6377.
Package hyperref Info: backreferencing OFF on input line 6384.
Package hyperref Info: Link coloring ON on input line 6387.
Package hyperref Info: Link coloring with OCG OFF on input line 6394.
Package hyperref Info: PDF/A mode OFF on input line 6399.
LaTeX Info: Redefining \ref on input line 6439.
LaTeX Info: Redefining \pageref on input line 6443.
\Hy@abspage=\count115
\c@Item=\count116
\c@Hfootnote=\count117
)
Package hyperref Info: Driver (autodetected): hpdftex.

(/usr/share/texlive/texmf-dist/tex/latex/hyperref/hpdftex.def
File: hpdftex.def 2018/02/06 v6.86b Hyperref driver for pdfTeX
\Fld@listcount=\count118
\c@bookmark@seq@number=\count119

(/usr/share/texlive/texmf-dist/tex/latex/oberdiek/rerunfilecheck.sty
Package: rerunfilecheck 2016/05/16 v1.8 Rerun checks for auxiliary files (HO)
Package uniquecounter Info: New unique counter `rerunfilecheck' on input line 2
82.
)
\Hy@SectionHShift=\skip59
)
(/usr/share/texmf/tex/latex/abntex/abntcite.sty
(/usr/share/texmf/tex/latex/abntex/cvs-id.def)
Package: abntcite 2006/04/25 v1.30 Chamadas de referencias no texto (NBR10520, 
NBR10522)
\minimumbiblabelwidth=\skip60
\ABCIauxlen=\skip61
\c@ABCIaux=\count120
\c@ABCImax=\count121

(/usr/share/texmf/tex/latex/abntex/nbr10520-2002.def
(/usr/share/texmf/tex/latex/abntex/cvs-id.def)
File: nbr10520-2002.def 2006/04/25 v1.4 Definicoes para abntcite (NBR10520:2002
)
)
\biblabelsep=\skip62
LaTeX Info: Redefining \newblock on input line 466.
LaTeX Info: Redefining \cite on input line 493.
\ABCItoken=\toks19
))
\espacosumario=\skip63
\ufsctex@symbolwidth=\skip64
)
(/usr/share/texlive/texmf-dist/tex/latex/pdfpages/pdfpages.sty
Package: pdfpages 2017/10/31 v0.5l Insert pages of external PDF documents (AM)

(/usr/share/texlive/texmf-dist/tex/latex/eso-pic/eso-pic.sty
Package: eso-pic 2015/07/21 v2.0g eso-pic (RN)

(/usr/share/texlive/texmf-dist/tex/latex/xcolor/xcolor.sty
Package: xcolor 2016/05/11 v2.12 LaTeX color extensions (UK)

(/usr/share/texlive/texmf-dist/tex/latex/graphics-cfg/color.cfg
File: color.cfg 2016/01/02 v1.6 sample color configuration
)
Package xcolor Info: Driver file: pdftex.def on input line 225.

(/usr/share/texlive/texmf-dist/tex/latex/graphics-def/pdftex.def
File: pdftex.def 2018/01/08 v1.0l Graphics/color driver for pdftex
)
Package xcolor Info: Model `cmy' substituted by `cmy0' on input line 1348.
Package xcolor Info: Model `hsb' substituted by `rgb' on input line 1352.
Package xcolor Info: Model `RGB' extended on input line 1364.
Package xcolor Info: Model `HTML' substituted by `rgb' on input line 1366.
Package xcolor Info: Model `Hsb' substituted by `hsb' on input line 1367.
Package xcolor Info: Model `tHsb' substituted by `hsb' on input line 1368.
Package xcolor Info: Model `HSB' substituted by `hsb' on input line 1369.
Package xcolor Info: Model `Gray' substituted by `gray' on input line 1370.
Package xcolor Info: Model `wave' substituted by `hsb' on input line 1371.
))
(/usr/share/texlive/texmf-dist/tex/latex/graphics/graphicx.sty
Package: graphicx 2017/06/01 v1.1a Enhanced LaTeX Graphics (DPC,SPQR)

(/usr/share/texlive/texmf-dist/tex/latex/graphics/graphics.sty
Package: graphics 2017/06/25 v1.2c Standard LaTeX Graphics (DPC,SPQR)

(/usr/share/texlive/texmf-dist/tex/latex/graphics/trig.sty
Package: trig 2016/01/03 v1.10 sin cos tan (DPC)
)
(/usr/share/texlive/texmf-dist/tex/latex/graphics-cfg/graphics.cfg
File: graphics.cfg 2016/06/04 v1.11 sample graphics configuration
)
Package graphics Info: Driver file: pdftex.def on input line 99.
)
\Gin@req@height=\dimen132
\Gin@req@width=\dimen133
)
\AM@pagewidth=\dimen134
\AM@pageheight=\dimen135

(/usr/share/texlive/texmf-dist/tex/latex/pdfpages/pppdftex.def
File: pppdftex.def 2017/10/31 v0.5l Pdfpages driver for pdfTeX (AM)
)
\AM@pagebox=\box55
\AM@global@opts=\toks20
\AM@toc@title=\toks21
\c@AM@survey=\count122
\AM@templatesizebox=\box56
)
(/usr/share/texlive/texmf-dist/tex/latex/listings/listings.sty
\lst@mode=\count123
\lst@gtempboxa=\box57
\lst@token=\toks22
\lst@length=\count124
\lst@currlwidth=\dimen136
\lst@column=\count125
\lst@pos=\count126
\lst@lostspace=\dimen137
\lst@width=\dimen138
\lst@newlines=\count127
\lst@lineno=\count128
\lst@maxwidth=\dimen139

(/usr/share/texlive/texmf-dist/tex/latex/listings/lstmisc.sty
File: lstmisc.sty 2015/06/04 1.6 (Carsten Heinz)
\c@lstnumber=\count129
\lst@skipnumbers=\count130
\lst@framebox=\box58
)
(/usr/share/texlive/texmf-dist/tex/latex/listings/listings.cfg
File: listings.cfg 2015/06/04 1.6 listings configuration
))
Package: listings 2015/06/04 1.6 (Carsten Heinz)

(/usr/share/texlive/texmf-dist/tex/latex/tools/longtable.sty
Package: longtable 2014/10/28 v4.11 Multi-page Table package (DPC)
\LTleft=\skip65
\LTright=\skip66
\LTpre=\skip67
\LTpost=\skip68
\LTchunksize=\count131
\LTcapwidth=\dimen140
\LT@head=\box59
\LT@firsthead=\box60
\LT@foot=\box61
\LT@lastfoot=\box62
\LT@cols=\count132
\LT@rows=\count133
\c@LT@tables=\count134
\c@LT@chunks=\count135
\LT@p@ftn=\toks23
)

LaTeX Warning: Unused global option(s):
    [cleardoublepage=plain].

(./trabalho_2.aux

LaTeX Warning: Label `tab:comparacao' multiply defined.


LaTeX Warning: Label `tab:comparacao' multiply defined.


LaTeX Warning: Label `tab:comparacao' multiply defined.

)
\openout1 = `trabalho_2.aux'.

LaTeX Font Info:    Checking defaults for OML/cmm/m/it on input line 41.
LaTeX Font Info:    ... okay on input line 41.
LaTeX Font Info:    Checking defaults for T1/cmr/m/n on input line 41.
LaTeX Font Info:    ... okay on input line 41.
LaTeX Font Info:    Checking defaults for OT1/cmr/m/n on input line 41.
LaTeX Font Info:    ... okay on input line 41.
LaTeX Font Info:    Checking defaults for OMS/cmsy/m/n on input line 41.
LaTeX Font Info:    ... okay on input line 41.
LaTeX Font Info:    Checking defaults for OMX/cmex/m/n on input line 41.
LaTeX Font Info:    ... okay on input line 41.
LaTeX Font Info:    Checking defaults for U/cmr/m/n on input line 41.
LaTeX Font Info:    ... okay on input line 41.
LaTeX Font Info:    Checking defaults for PD1/pdf/m/n on input line 41.
LaTeX Font Info:    ... okay on input line 41.
LaTeX Font Info:    Try loading font information for T1+ptm on input line 41.
 (/usr/share/texlive/texmf-dist/tex/latex/psnfss/t1ptm.fd
File: t1ptm.fd 2001/06/04 font definitions for T1/ptm.
)
\big@size=\dimen141

*geometry* driver: auto-detecting
*geometry* detected driver: pdftex
*geometry* verbose mode - [ preamble ] result:
* driver: pdftex
* paper: a5paper
* layout: <same size as paper>
* layoutoffset:(h,v)=(0.0pt,0.0pt)
* modes: twoside 
* h-part:(L,W,R)=(71.13188pt, 307.28978pt, 42.67912pt)
* v-part:(T,H,B)=(56.9055pt, 497.92325pt, 42.67912pt)
* \paperwidth=421.10078pt
* \paperheight=597.50787pt
* \textwidth=307.28978pt
* \textheight=497.92325pt
* \oddsidemargin=-1.1381pt
* \evensidemargin=-29.59087pt
* \topmargin=-57.42455pt
* \headheight=19.91684pt
* \headsep=22.14322pt
* \topskip=10.0pt
* \footskip=19.91684pt
* \marginparwidth=47.0pt
* \marginparsep=11.0pt
* \columnsep=10.0pt
* \skip\footins=9.0pt plus 4.0pt minus 2.0pt
* \hoffset=0.0pt
* \voffset=0.0pt
* \mag=1000
* \@twocolumnfalse
* \@twosidetrue
* \@mparswitchtrue
* \@reversemarginfalse
* (1in=72.27pt=25.4mm, 1cm=28.453pt)

\AtBeginShipoutBox=\box63
Package hyperref Info: Link coloring ON on input line 41.
(/usr/share/texlive/texmf-dist/tex/latex/hyperref/nameref.sty
Package: nameref 2016/05/21 v2.44 Cross-referencing by name of section

(/usr/share/texlive/texmf-dist/tex/generic/oberdiek/gettitlestring.sty
Package: gettitlestring 2016/05/16 v1.5 Cleanup title references (HO)
)
\c@section@level=\count136
)
LaTeX Info: Redefining \ref on input line 41.
LaTeX Info: Redefining \pageref on input line 41.
LaTeX Info: Redefining \nameref on input line 41.

(./trabalho_2.out) (./trabalho_2.out)
\@outlinefile=\write3
\openout3 = `trabalho_2.out'.


(/usr/share/texlive/texmf-dist/tex/context/base/mkii/supp-pdf.mkii
[Loading MPS to PDF converter (version 2006.09.02).]
\scratchcounter=\count137
\scratchdimen=\dimen142
\scratchbox=\box64
\nofMPsegments=\count138
\nofMParguments=\count139
\everyMPshowfont=\toks24
\MPscratchCnt=\count140
\MPscratchDim=\dimen143
\MPnumerator=\count141
\makeMPintoPDFobject=\count142
\everyMPtoPDFconversion=\toks25
) (/usr/share/texlive/texmf-dist/tex/latex/oberdiek/epstopdf-base.sty
Package: epstopdf-base 2016/05/15 v2.6 Base part for package epstopdf

(/usr/share/texlive/texmf-dist/tex/latex/oberdiek/grfext.sty
Package: grfext 2016/05/16 v1.2 Manage graphics extensions (HO)
)
Package epstopdf-base Info: Redefining graphics rule for `.eps' on input line 4
38.
Package grfext Info: Graphics extension search list:
(grfext)             [.pdf,.png,.jpg,.mps,.jpeg,.jbig2,.jb2,.PDF,.PNG,.JPG,.JPE
G,.JBIG2,.JB2,.eps]
(grfext)             \AppendGraphicsExtensions on input line 456.

(/usr/share/texlive/texmf-dist/tex/latex/latexconfig/epstopdf-sys.cfg
File: epstopdf-sys.cfg 2010/07/13 v1.3 Configuration of (r)epstopdf for TeX Liv
e
))
(/usr/share/texlive/texmf-dist/tex/latex/oberdiek/pdflscape.sty
Package: pdflscape 2016/05/14 v0.11 Display of landscape pages in PDF (HO)

(/usr/share/texlive/texmf-dist/tex/latex/graphics/lscape.sty
Package: lscape 2000/10/22 v3.01 Landscape Pages (DPC)
)
Package pdflscape Info: Auto-detected driver: pdftex on input line 81.
)
\c@lstlisting=\count143
LaTeX Font Info:    Font shape `T1/ptm/bx/n' in size <10> not available
(Font)              Font shape `T1/ptm/b/n' tried instead on input line 43.
LaTeX Font Info:    Try loading font information for OT1+ztmcm on input line 43
.

(/usr/share/texlive/texmf-dist/tex/latex/psnfss/ot1ztmcm.fd
File: ot1ztmcm.fd 2000/01/03 Fontinst v1.801 font definitions for OT1/ztmcm.
)
LaTeX Font Info:    Try loading font information for OML+ztmcm on input line 43
.

(/usr/share/texlive/texmf-dist/tex/latex/psnfss/omlztmcm.fd
File: omlztmcm.fd 2000/01/03 Fontinst v1.801 font definitions for OML/ztmcm.
)
LaTeX Font Info:    Try loading font information for OMS+ztmcm on input line 43
.

(/usr/share/texlive/texmf-dist/tex/latex/psnfss/omsztmcm.fd
File: omsztmcm.fd 2000/01/03 Fontinst v1.801 font definitions for OMS/ztmcm.
)
LaTeX Font Info:    Try loading font information for OMX+ztmcm on input line 43
.

(/usr/share/texlive/texmf-dist/tex/latex/psnfss/omxztmcm.fd
File: omxztmcm.fd 2000/01/03 Fontinst v1.801 font definitions for OMX/ztmcm.
)
LaTeX Font Info:    Try loading font information for OT1+ptm on input line 43.

(/usr/share/texlive/texmf-dist/tex/latex/psnfss/ot1ptm.fd
File: ot1ptm.fd 2001/06/04 font definitions for OT1/ptm.
)
LaTeX Font Info:    Font shape `OT1/ptm/bx/n' in size <10> not available
(Font)              Font shape `OT1/ptm/b/n' tried instead on input line 43.
LaTeX Font Info:    Font shape `OT1/ptm/bx/n' in size <7.4> not available
(Font)              Font shape `OT1/ptm/b/n' tried instead on input line 43.
LaTeX Font Info:    Font shape `OT1/ptm/bx/n' in size <6> not available
(Font)              Font shape `OT1/ptm/b/n' tried instead on input line 43.
Package babel Info: Redefining portuges shorthand "|
(babel)             in language  on input line 43.
Package babel Info: Redefining portuges shorthand "|
(babel)             in language  on input line 43.
 [1


{/var/lib/texmf/fonts/map/pdftex/updmap/pdftex.map}] (./trabalho_2.toc)
\tf@toc=\write4
\openout4 = `trabalho_2.toc'.

Package babel Info: Redefining portuges shorthand "|
(babel)             in language  on input line 43.
Package babel Info: Redefining portuges shorthand "|
(babel)             in language  on input line 43.
pdfTeX warning (ext4): destination with the same identifier (name{page.}) has b
een already used, duplicate ignored
<to be read again> 
                   \relax 
l.43     \sumario
                  [2

]
Cap\'{\i }tulo 1.
Package babel Info: Redefining portuges shorthand "|
(babel)             in language  on input line 45.

Package hyperref Warning: Token not allowed in a PDF string (PDFDocEncoding):
(hyperref)                removing `\uppercase' on input line 45.

Package babel Info: Redefining portuges shorthand "|
(babel)             in language  on input line 48.
(/usr/share/texlive/texmf-dist/tex/latex/listings/lstlang1.sty
File: lstlang1.sty 2015/06/04 1.6 listings language file
)
LaTeX Font Info:    Font shape `T1/ptm/bx/n' in size <9> not available
(Font)              Font shape `T1/ptm/b/n' tried instead on input line 51.
LaTeX Font Info:    Font shape `OT1/ptm/bx/n' in size <9> not available
(Font)              Font shape `OT1/ptm/b/n' tried instead on input line 51.
LaTeX Font Info:    Font shape `OT1/ptm/bx/n' in size <7> not available
(Font)              Font shape `OT1/ptm/b/n' tried instead on input line 51.
LaTeX Font Info:    Font shape `OT1/ptm/bx/n' in size <5> not available
(Font)              Font shape `OT1/ptm/b/n' tried instead on input line 51.
LaTeX Font Info:    Try loading font information for OMS+ptm on input line 75.

(/usr/share/texlive/texmf-dist/tex/latex/psnfss/omsptm.fd
File: omsptm.fd 
)
LaTeX Font Info:    Font shape `OMS/ptm/m/n' in size <9> not available
(Font)              Font shape `OMS/cmsy/m/n' tried instead on input line 75.
Package babel Info: Redefining portuges shorthand "|
(babel)             in language  on input line 76.
Package babel Info: Redefining portuges shorthand "|
(babel)             in language  on input line 76.
 [3


]
Underfull \hbox (badness 10000) in paragraph at lines 94--98
[]|\T1/ptm/m/n/10 4487339197896165103959118044218800277
 []


Underfull \hbox (badness 10000) in paragraph at lines 94--98
\T1/ptm/m/n/10 4439806092253007016447113452822890646061608
 []


Underfull \hbox (badness 10000) in paragraph at lines 94--98
\T1/ptm/m/n/10 0851038371269032048288673820170285582936925
 []


Underfull \hbox (badness 10000) in paragraph at lines 99--106
[]|\T1/ptm/m/n/10 812237707737715233392748949412645909792158
 []


Underfull \hbox (badness 10000) in paragraph at lines 99--106
\T1/ptm/m/n/10 4156200002770059826252922922678883260357074016455
 []


Underfull \hbox (badness 10000) in paragraph at lines 99--106
\T1/ptm/m/n/10 7416308904108916625008336311014371426803547486977
 []


Underfull \hbox (badness 10000) in paragraph at lines 99--106
\T1/ptm/m/n/10 8315806651580409230750320778800842824037265645671
 []


Underfull \hbox (badness 10000) in paragraph at lines 99--106
\T1/ptm/m/n/10 1313615119209623855698128160229770033050315635554
 []


Underfull \hbox (badness 10000) in paragraph at lines 99--106
\T1/ptm/m/n/10 3835736811091460828166202201038954391496688421521
 []


Underfull \hbox (badness 10000) in paragraph at lines 107--120
[]|\T1/ptm/m/n/10 133875388389516398504794679886249058273696
 []


Underfull \hbox (badness 10000) in paragraph at lines 107--120
\T1/ptm/m/n/10 3550505146432481406994129611692239266191110381182
 []


Underfull \hbox (badness 10000) in paragraph at lines 107--120
\T1/ptm/m/n/10 9788109415713816627857207083012074316855387160589
 []


Underfull \hbox (badness 10000) in paragraph at lines 107--120
\T1/ptm/m/n/10 8706811036192399219716020261922133532670520158054
 []


Underfull \hbox (badness 10000) in paragraph at lines 107--120
\T1/ptm/m/n/10 4359048522073952207009051872071128440534844287149
 []


Underfull \hbox (badness 10000) in paragraph at lines 107--120
\T1/ptm/m/n/10 0748686386866224474579717907067239357655113674851
 []


Underfull \hbox (badness 10000) in paragraph at lines 107--120
\T1/ptm/m/n/10 2839884696560513677369673605173781255925654694451
 []


Underfull \hbox (badness 10000) in paragraph at lines 107--120
\T1/ptm/m/n/10 6383060636108090887768503211080391927733196451434
 []


Underfull \hbox (badness 10000) in paragraph at lines 107--120
\T1/ptm/m/n/10 3834228396222280458809625433748472226619983851991
 []


Underfull \hbox (badness 10000) in paragraph at lines 107--120
\T1/ptm/m/n/10 3862510479680144492499378614729667166761507437305
 []


Underfull \hbox (badness 10000) in paragraph at lines 107--120
\T1/ptm/m/n/10 4571115905226657988969455696562940111326545485325
 []


Underfull \hbox (badness 10000) in paragraph at lines 107--120
\T1/ptm/m/n/10 538695556123492714498404690773376471228491925002
 []


Overfull \hbox (58.14328pt too wide) in alignment at lines 85--121
 [] [] 
 []

Package babel Info: Redefining portuges shorthand "|
(babel)             in language  on input line 121.
Package babel Info: Redefining portuges shorthand "|
(babel)             in language  on input line 121.
[4]
Package babel Info: Redefining portuges shorthand "|
(babel)             in language  on input line 125.

Overfull \hbox (200.51463pt too wide) in paragraph at lines 126--127
\T1/ptm/m/n/10 MWC, baseando-se no al-go-ritmo mos-trado em https://www.javamex
.com/tutorials/random_numbers/multiply_with_carry.shtml 
 []

Package babel Info: Redefining portuges shorthand "|
(babel)             in language  on input line 148.
Package babel Info: Redefining portuges shorthand "|
(babel)             in language  on input line 148.
[5]
Underfull \hbox (badness 10000) in paragraph at lines 166--168
[]|\T1/ptm/m/n/10 34831164690570254176761523765974482045317
 []


Underfull \hbox (badness 10000) in paragraph at lines 170--174
[]|\T1/ptm/m/n/10 64512565120576575476488228655115924471895509674723
 []


Underfull \hbox (badness 10000) in paragraph at lines 170--174
\T1/ptm/m/n/10 38785114752729831791781378202144567519263387958490
 []


Underfull \hbox (badness 10000) in paragraph at lines 170--174
\T1/ptm/m/n/10 37774611597961106016979593759252393
 []


Underfull \hbox (badness 10000) in paragraph at lines 175--182
[]|\T1/ptm/m/n/10 8432342347830620320615947194601875109659591659497
 []


Underfull \hbox (badness 10000) in paragraph at lines 175--182
\T1/ptm/m/n/10 0552644938966090273130665389409798169320277031109
 []


Underfull \hbox (badness 10000) in paragraph at lines 175--182
\T1/ptm/m/n/10 4597090074742525306093839703240434063817374330155
 []


Underfull \hbox (badness 10000) in paragraph at lines 175--182
\T1/ptm/m/n/10 1160496229362402253946265710259922395533222700680
 []


Underfull \hbox (badness 10000) in paragraph at lines 175--182
\T1/ptm/m/n/10 9935654348850142002119831311038224543451291024879
 []


Underfull \hbox (badness 10000) in paragraph at lines 175--182
\T1/ptm/m/n/10 7317571809893797631884085882875442465747431544498
 []


Underfull \hbox (badness 10000) in paragraph at lines 183--196
[]|\T1/ptm/m/n/10 234770526248041897243529882238857384426575675682
 []


Underfull \hbox (badness 10000) in paragraph at lines 183--196
\T1/ptm/m/n/10 3290223946978657547339232923569428804878073904038
 []


Underfull \hbox (badness 10000) in paragraph at lines 183--196
\T1/ptm/m/n/10 5111600344987236414314259856384286244328268282262
 []


Underfull \hbox (badness 10000) in paragraph at lines 183--196
\T1/ptm/m/n/10 3273164679719961176400321538832913884277954840130
 []


Underfull \hbox (badness 10000) in paragraph at lines 183--196
\T1/ptm/m/n/10 6320760280984521312547086369237279770286895228148
 []


Underfull \hbox (badness 10000) in paragraph at lines 183--196
\T1/ptm/m/n/10 1607574296478312355993381594201964491826303683628
 []


Underfull \hbox (badness 10000) in paragraph at lines 183--196
\T1/ptm/m/n/10 4858913062917608434283318898496483642051374272849
 []


Underfull \hbox (badness 10000) in paragraph at lines 183--196
\T1/ptm/m/n/10 6157107010057323859648205622533858612502392295284
 []


Underfull \hbox (badness 10000) in paragraph at lines 183--196
\T1/ptm/m/n/10 7784286609915676863122899983873354655093704828457
 []


Underfull \hbox (badness 10000) in paragraph at lines 183--196
\T1/ptm/m/n/10 5111086003311425874880159565583762686068197904802
 []


Underfull \hbox (badness 10000) in paragraph at lines 183--196
\T1/ptm/m/n/10 2692115046027914387712221046447889928336556397368
 []


Underfull \hbox (badness 10000) in paragraph at lines 183--196
\T1/ptm/m/n/10 7831561354207987182264589167098841737964046076219
 []


Overfull \hbox (58.14328pt too wide) in alignment at lines 149--197
 [] [] 
 []

Package babel Info: Redefining portuges shorthand "|
(babel)             in language  on input line 199.

Underfull \vbox (badness 10000) has occurred while \output is active []

Package babel Info: Redefining portuges shorthand "|
(babel)             in language  on input line 201.
Package babel Info: Redefining portuges shorthand "|
(babel)             in language  on input line 201.
 [6]
Underfull \hbox (badness 4193) in paragraph at lines 205--205
[]|\T1/ptm/m/n/10 Tamanho em
 []


Underfull \hbox (badness 10000) in paragraph at lines 205--205
[]|\T1/ptm/m/n/10 ElapsedTime
 []


Overfull \hbox (25.23775pt too wide) in alignment at lines 202--227
 [] [] [] [] 
 []

Package babel Info: Redefining portuges shorthand "|
(babel)             in language  on input line 229.
Package babel Info: Redefining portuges shorthand "|
(babel)             in language  on input line 229.
[7]
Cap\'{\i }tulo 2.
Package babel Info: Redefining portuges shorthand "|
(babel)             in language  on input line 229.

Package hyperref Warning: Token not allowed in a PDF string (PDFDocEncoding):
(hyperref)                removing `\uppercase' on input line 229.

Package babel Info: Redefining portuges shorthand "|
(babel)             in language  on input line 235.
Package babel Info: Redefining portuges shorthand "|
(babel)             in language  on input line 257.
Package babel Info: Redefining portuges shorthand "|
(babel)             in language  on input line 257.
[8

]
Underfull \vbox (badness 10000) has occurred while \output is active []

Package babel Info: Redefining portuges shorthand "|
(babel)             in language  on input line 291.
Package babel Info: Redefining portuges shorthand "|
(babel)             in language  on input line 291.
 [9]
Package babel Info: Redefining portuges shorthand "|
(babel)             in language  on input line 320.

Underfull \vbox (badness 10000) has occurred while \output is active []

Package babel Info: Redefining portuges shorthand "|
(babel)             in language  on input line 322.
Package babel Info: Redefining portuges shorthand "|
(babel)             in language  on input line 322.
 [10]
Underfull \vbox (badness 10000) has occurred while \output is active []

Package babel Info: Redefining portuges shorthand "|
(babel)             in language  on input line 349.
Package babel Info: Redefining portuges shorthand "|
(babel)             in language  on input line 349.
 [11]
Package babel Info: Redefining portuges shorthand "|
(babel)             in language  on input line 371.

Overfull \hbox (40.38742pt too wide) in paragraph at lines 372--373
\T1/ptm/m/n/10 lo-vay^^UStrassen tem com-ple-xi-dade de O(NumeroRodadas*log[]3(
numeroSendoTestado)).
 []


Underfull \vbox (badness 10000) has occurred while \output is active []

Package babel Info: Redefining portuges shorthand "|
(babel)             in language  on input line 373.
Package babel Info: Redefining portuges shorthand "|
(babel)             in language  on input line 373.
 [12]
Overfull \hbox (17.32195pt too wide) in alignment at lines 374--395
 [] [] [] [] [] [] 
 []


Overfull \hbox (17.32195pt too wide) in alignment at lines 395--410
 [] [] [] [] [] [] 
 []

Package babel Info: Redefining portuges shorthand "|
(babel)             in language  on input line 410.
Package babel Info: Redefining portuges shorthand "|
(babel)             in language  on input line 410.
[13]
Overfull \hbox (17.32195pt too wide) in alignment at lines 414--436
 [] [] [] [] [] [] 
 []


Overfull \hbox (17.32195pt too wide) in alignment at lines 436--452
 [] [] [] [] [] [] 
 []

Package babel Info: Redefining portuges shorthand "|
(babel)             in language  on input line 452.
Package babel Info: Redefining portuges shorthand "|
(babel)             in language  on input line 452.
[14]
Overfull \hbox (17.32195pt too wide) in alignment at lines 457--479
 [] [] [] [] [] [] 
 []


Overfull \hbox (0.5945pt too wide) in paragraph at lines 486--486
[]|\T1/ptm/m/n/10 112,70947719| 
 []


Overfull \hbox (0.5945pt too wide) in paragraph at lines 486--486
[]|\T1/ptm/m/n/10 112,70944869| 
 []


Overfull \hbox (0.5945pt too wide) in paragraph at lines 487--487
[]|\T1/ptm/m/n/10 119,64860039| 
 []


Overfull \hbox (0.5945pt too wide) in paragraph at lines 487--487
[]|\T1/ptm/m/n/10 119,64858326| 
 []


Overfull \hbox (0.5945pt too wide) in paragraph at lines 488--488
[]|\T1/ptm/m/n/10 117,71940390| 
 []


Overfull \hbox (0.5945pt too wide) in paragraph at lines 488--488
[]|\T1/ptm/m/n/10 117,71937497| 
 []


Overfull \hbox (0.5945pt too wide) in paragraph at lines 489--489
[]|\T1/ptm/m/n/10 116,97791633| 
 []


Overfull \hbox (0.5945pt too wide) in paragraph at lines 489--489
[]|\T1/ptm/m/n/10 116,97788895| 
 []


Overfull \hbox (0.5945pt too wide) in paragraph at lines 490--490
[]|\T1/ptm/m/n/10 903,69619122| 
 []


Overfull \hbox (0.5945pt too wide) in paragraph at lines 490--490
[]|\T1/ptm/m/n/10 903,69617095| 
 []


Overfull \hbox (0.5945pt too wide) in paragraph at lines 491--491
[]|\T1/ptm/m/n/10 849,73224558| 
 []


Overfull \hbox (0.5945pt too wide) in paragraph at lines 491--491
[]|\T1/ptm/m/n/10 849,73217091| 
 []


Overfull \hbox (0.5945pt too wide) in paragraph at lines 492--492
[]|\T1/ptm/m/n/10 803,39407188| 
 []


Overfull \hbox (0.5945pt too wide) in paragraph at lines 492--492
[]|\T1/ptm/m/n/10 803,39404448| 
 []


Overfull \hbox (0.5945pt too wide) in paragraph at lines 493--493
[]|\T1/ptm/m/n/10 858,20336123| 
 []


Overfull \hbox (0.5945pt too wide) in paragraph at lines 493--493
[]|\T1/ptm/m/n/10 858,20334166| 
 []


Overfull \hbox (17.32195pt too wide) in alignment at lines 479--495
 [] [] [] [] [] [] 
 []

Package babel Info: Redefining portuges shorthand "|
(babel)             in language  on input line 495.
Package babel Info: Redefining portuges shorthand "|
(babel)             in language  on input line 495.
[15]
Underfull \hbox (badness 10000) in paragraph at lines 518--519
[]|\T1/ptm/m/n/10 53215508396768921864158266896585268430336999318
 []


Underfull \hbox (badness 10000) in paragraph at lines 520--521
[]|\T1/ptm/m/n/10 40533387024726302616725978853770682440451470247
 []


Underfull \hbox (badness 10000) in paragraph at lines 522--523
[]|\T1/ptm/m/n/10 50502215623936459773444886938277764357408507917
 []


Underfull \hbox (badness 10000) in paragraph at lines 524--525
[]|\T1/ptm/m/n/10 37734798666453584805041211019807942609813608663
 []


Underfull \hbox (badness 10000) in paragraph at lines 527--530
[]|\T1/ptm/m/n/10 36784024343224613212559066245057212238014342749
 []


Underfull \hbox (badness 10000) in paragraph at lines 527--530
\T1/ptm/m/n/10 80623156784568725896021848104778576704045031428
 []


Underfull \hbox (badness 10000) in paragraph at lines 527--530
\T1/ptm/m/n/10 32774527703592792175178308492505461418621570750
 []


Underfull \hbox (badness 10000) in paragraph at lines 532--535
[]|\T1/ptm/m/n/10 56825781112553700490447430168742749383412535001
 []


Underfull \hbox (badness 10000) in paragraph at lines 532--535
\T1/ptm/m/n/10 26556254774860280317538523703915964539415705371
 []


Underfull \hbox (badness 10000) in paragraph at lines 532--535
\T1/ptm/m/n/10 70443377480260544128892227592764591285388238177
 []


Underfull \hbox (badness 10000) in paragraph at lines 537--540
[]|\T1/ptm/m/n/10 37528720125794310288937004851364243958326795809
 []


Underfull \hbox (badness 10000) in paragraph at lines 537--540
\T1/ptm/m/n/10 40651767609704806360556501049520147660521852605
 []


Underfull \hbox (badness 10000) in paragraph at lines 537--540
\T1/ptm/m/n/10 87827457428974335715570652403320475451066954544
 []


Underfull \hbox (badness 10000) in paragraph at lines 542--545
[]|\T1/ptm/m/n/10 56971371811348059825093807875808982782138683074
 []


Underfull \hbox (badness 10000) in paragraph at lines 542--545
\T1/ptm/m/n/10 87270084484693844529759960002955606047402213272
 []


Underfull \hbox (badness 10000) in paragraph at lines 542--545
\T1/ptm/m/n/10 03950408186257729813384481076318081250684317120
 []


Underfull \hbox (badness 10000) in paragraph at lines 547--553
[]|\T1/ptm/m/n/10 67070175241581097513176190774351287166953940781
 []


Underfull \hbox (badness 10000) in paragraph at lines 547--553
\T1/ptm/m/n/10 62212134354146409421311659777730953400907447351
 []


Underfull \hbox (badness 10000) in paragraph at lines 547--553
\T1/ptm/m/n/10 72687809209125622836612169773670937086932924925
 []


Underfull \hbox (badness 10000) in paragraph at lines 547--553
\T1/ptm/m/n/10 32445454197623366508556427506681133327621266758
 []


Underfull \hbox (badness 10000) in paragraph at lines 547--553
\T1/ptm/m/n/10 04618810400825102026210689501802632981977324424
 []


Underfull \hbox (badness 10000) in paragraph at lines 547--553
\T1/ptm/m/n/10 97233857375390305733502475950890675886079368610
 []


Underfull \hbox (badness 10000) in paragraph at lines 555--561
[]|\T1/ptm/m/n/10 76029136412596490979197160539457113279797433033
 []


Underfull \hbox (badness 10000) in paragraph at lines 555--561
\T1/ptm/m/n/10 42666950244411032008654439987380268689081295278
 []


Underfull \hbox (badness 10000) in paragraph at lines 555--561
\T1/ptm/m/n/10 23832447840127253328190292216663380345595100757
 []


Underfull \hbox (badness 10000) in paragraph at lines 555--561
\T1/ptm/m/n/10 25264237787170471930437119969684211278159790513
 []


Underfull \hbox (badness 10000) in paragraph at lines 555--561
\T1/ptm/m/n/10 71008395727018531608545070911117162639728027573
 []


Underfull \hbox (badness 10000) in paragraph at lines 555--561
\T1/ptm/m/n/10 45608221251697917759445569694683965497018484031
 []


Underfull \hbox (badness 10000) in paragraph at lines 563--569
[]|\T1/ptm/m/n/10 66134819633397037237609151550203988817500456486
 []


Underfull \hbox (badness 10000) in paragraph at lines 563--569
\T1/ptm/m/n/10 95720427323914180668691926641401420467448165505
 []


Underfull \hbox (badness 10000) in paragraph at lines 563--569
\T1/ptm/m/n/10 02314580421162016163678279885948160004851867176
 []


Underfull \hbox (badness 10000) in paragraph at lines 563--569
\T1/ptm/m/n/10 37437196612925867473633333070627040038856390783
 []


Underfull \hbox (badness 10000) in paragraph at lines 563--569
\T1/ptm/m/n/10 41979985023912914826977462340578280347766366312
 []


Underfull \hbox (badness 10000) in paragraph at lines 563--569
\T1/ptm/m/n/10 31365877675311809321485256691730643635961661416
 []


Underfull \hbox (badness 10000) in paragraph at lines 571--577
[]|\T1/ptm/m/n/10 79262019616818438601650147906191545917783951859
 []


Underfull \hbox (badness 10000) in paragraph at lines 571--577
\T1/ptm/m/n/10 01264539785282623296805597102398658551251672065
 []


Underfull \hbox (badness 10000) in paragraph at lines 571--577
\T1/ptm/m/n/10 29253122979458871585714980826441528674239985510
 []


Underfull \hbox (badness 10000) in paragraph at lines 571--577
\T1/ptm/m/n/10 50429360726310272275013427247238161272861282596
 []


Underfull \hbox (badness 10000) in paragraph at lines 571--577
\T1/ptm/m/n/10 76277035930433739590111243976706641806609979008
 []


Underfull \hbox (badness 10000) in paragraph at lines 571--577
\T1/ptm/m/n/10 50936208871648970265765134270907407636709269867
 []


Underfull \hbox (badness 10000) in paragraph at lines 579--592
[]|\T1/ptm/m/n/10 13371479341546463597378969830319908828669466900
 []


Underfull \hbox (badness 10000) in paragraph at lines 579--592
\T1/ptm/m/n/10 14354342028546467597392946333122207573261650192
 []


Underfull \hbox (badness 10000) in paragraph at lines 579--592
\T1/ptm/m/n/10 20550976142683097445604595702857143515171188507
 []


Underfull \hbox (badness 10000) in paragraph at lines 579--592
\T1/ptm/m/n/10 15211053313804215641516978017903523115552105333
 []


Underfull \hbox (badness 10000) in paragraph at lines 579--592
\T1/ptm/m/n/10 88963575524376554025706606694415355921163149496
 []


Underfull \hbox (badness 10000) in paragraph at lines 579--592
\T1/ptm/m/n/10 16090859174303030099023036635748092221071968790
 []


Underfull \hbox (badness 10000) in paragraph at lines 579--592
\T1/ptm/m/n/10 95402376421822352087438902430199549737553256781
 []


Underfull \hbox (badness 10000) in paragraph at lines 579--592
\T1/ptm/m/n/10 40795243898693035036247612424071444841676805585
 []


Underfull \hbox (badness 10000) in paragraph at lines 579--592
\T1/ptm/m/n/10 65484243691046207604500881039257841371097774381
 []


Underfull \hbox (badness 10000) in paragraph at lines 579--592
\T1/ptm/m/n/10 49903077389774552300245146925826218561023299575
 []


Underfull \hbox (badness 10000) in paragraph at lines 579--592
\T1/ptm/m/n/10 03918368107401497250173705179112147242625582195
 []


Underfull \hbox (badness 10000) in paragraph at lines 579--592
\T1/ptm/m/n/10 03542441202221931275745578344373455959833468168
 []


Underfull \hbox (badness 10000) in paragraph at lines 579--592
\T1/ptm/m/n/10 69761507258627677187584157599924613509165153870
 []


Underfull \hbox (badness 10000) in paragraph at lines 594--607
[]|\T1/ptm/m/n/10 12503047789900648976806157045988977119866494414
 []


Underfull \hbox (badness 10000) in paragraph at lines 594--607
\T1/ptm/m/n/10 97103401985979203794386771803486562987187870806
 []


Underfull \hbox (badness 10000) in paragraph at lines 594--607
\T1/ptm/m/n/10 56030736192291694797884430332448907700525510617
 []


Underfull \hbox (badness 10000) in paragraph at lines 594--607
\T1/ptm/m/n/10 61330210163788706585160635955865834843406487159
 []


Underfull \hbox (badness 10000) in paragraph at lines 594--607
\T1/ptm/m/n/10 44607702173153902528758973128937280487879490941
 []


Underfull \hbox (badness 10000) in paragraph at lines 594--607
\T1/ptm/m/n/10 47680811802458571320235377238196229132587140859
 []


Underfull \hbox (badness 10000) in paragraph at lines 594--607
\T1/ptm/m/n/10 25297897865652854364716243728609923219886470797
 []


Underfull \hbox (badness 10000) in paragraph at lines 594--607
\T1/ptm/m/n/10 50372095051177334033412668309783646378377538417
 []


Underfull \hbox (badness 10000) in paragraph at lines 594--607
\T1/ptm/m/n/10 19956383174070697347356315584807485043992021947
 []


Underfull \hbox (badness 10000) in paragraph at lines 594--607
\T1/ptm/m/n/10 60283236778490305559338123809012886350318839484
 []


Underfull \hbox (badness 10000) in paragraph at lines 594--607
\T1/ptm/m/n/10 44396462536338948016777188831640886768112528915
 []


Underfull \hbox (badness 10000) in paragraph at lines 594--607
\T1/ptm/m/n/10 59040633659750487450378578483245203406039145458
 []


Underfull \hbox (badness 10000) in paragraph at lines 594--607
\T1/ptm/m/n/10 29704876891793398983769257344275483559267937343
 []


Underfull \hbox (badness 10000) in paragraph at lines 609--622
[]|\T1/ptm/m/n/10 13357722463604316822300176461233422623216434475
 []


Underfull \hbox (badness 10000) in paragraph at lines 609--622
\T1/ptm/m/n/10 24276050119455105317682471052144634745693890799
 []


Underfull \hbox (badness 10000) in paragraph at lines 609--622
\T1/ptm/m/n/10 65551830170706843277456313365786453354117205258
 []


Underfull \hbox (badness 10000) in paragraph at lines 609--622
\T1/ptm/m/n/10 45495347803789805275338192012683280133479505670
 []


Underfull \hbox (badness 10000) in paragraph at lines 609--622
\T1/ptm/m/n/10 46258703053816798492254447955332653685861302317
 []


Underfull \hbox (badness 10000) in paragraph at lines 609--622
\T1/ptm/m/n/10 01397916210271422236765210362212000987656081473
 []


Underfull \hbox (badness 10000) in paragraph at lines 609--622
\T1/ptm/m/n/10 54681152931061765204327103009148722745343698410
 []


Underfull \hbox (badness 10000) in paragraph at lines 609--622
\T1/ptm/m/n/10 28939542228123953037814048611433180759916933746
 []


Underfull \hbox (badness 10000) in paragraph at lines 609--622
\T1/ptm/m/n/10 56774632736212339796286553093727160184402404635
 []


Underfull \hbox (badness 10000) in paragraph at lines 609--622
\T1/ptm/m/n/10 85154973556121986150979524223731276225404497982
 []


Underfull \hbox (badness 10000) in paragraph at lines 609--622
\T1/ptm/m/n/10 79775777808684584392135886595602752968984639513
 []


Underfull \hbox (badness 10000) in paragraph at lines 609--622
\T1/ptm/m/n/10 30939244576098594053461710263510887166990341174
 []


Underfull \hbox (badness 10000) in paragraph at lines 609--622
\T1/ptm/m/n/10 92472263689698192672115748683130797488012972909
 []


Underfull \hbox (badness 10000) in paragraph at lines 624--637
[]|\T1/ptm/m/n/10 12526360337564578028267997795111411862108433975
 []


Underfull \hbox (badness 10000) in paragraph at lines 624--637
\T1/ptm/m/n/10 96252436664657196591100320680444037794098412806
 []


Underfull \hbox (badness 10000) in paragraph at lines 624--637
\T1/ptm/m/n/10 12417997059565106342490708151211091425432792214
 []


Underfull \hbox (badness 10000) in paragraph at lines 624--637
\T1/ptm/m/n/10 94773804674921341435990555691878644569268571938
 []


Underfull \hbox (badness 10000) in paragraph at lines 624--637
\T1/ptm/m/n/10 77536598894215747143678045278285507353191672941
 []


Underfull \hbox (badness 10000) in paragraph at lines 624--637
\T1/ptm/m/n/10 40541298146286208242970111851116051679628003840
 []


Underfull \hbox (badness 10000) in paragraph at lines 624--637
\T1/ptm/m/n/10 52849924244203531702254263344105092249867100333
 []


Underfull \hbox (badness 10000) in paragraph at lines 624--637
\T1/ptm/m/n/10 29148505939765060670684674554929621550045522408
 []


Underfull \hbox (badness 10000) in paragraph at lines 624--637
\T1/ptm/m/n/10 87576545284997654403377905307500372363602151338
 []


Underfull \hbox (badness 10000) in paragraph at lines 624--637
\T1/ptm/m/n/10 93109297709105709696754988562196477396309180155
 []


Underfull \hbox (badness 10000) in paragraph at lines 624--637
\T1/ptm/m/n/10 03224808666724756673014078288734522426603546033
 []


Underfull \hbox (badness 10000) in paragraph at lines 624--637
\T1/ptm/m/n/10 13264096361823071130104961098380564536389640702
 []


Underfull \hbox (badness 10000) in paragraph at lines 624--637
\T1/ptm/m/n/10 29057552750559893020145294078174152913439078051
 []


Underfull \hbox (badness 10000) in paragraph at lines 639--665
[]|\T1/ptm/m/n/10 4997467479754343465478030653202740512179905548
 []


Underfull \hbox (badness 10000) in paragraph at lines 639--665
\T1/ptm/m/n/10 4073138168826389669280266085411190241190240306
 []


Underfull \hbox (badness 10000) in paragraph at lines 639--665
\T1/ptm/m/n/10 1984709585390010574444897735366506055508830298
 []


Underfull \hbox (badness 10000) in paragraph at lines 639--665
\T1/ptm/m/n/10 1335651857083921318642673073029198730819262308
 []


Underfull \hbox (badness 10000) in paragraph at lines 639--665
\T1/ptm/m/n/10 7998675335723995557319690514203748490419988701
 []


Underfull \hbox (badness 10000) in paragraph at lines 639--665
\T1/ptm/m/n/10 6796361958633456676891796594803861894652314867
 []


Underfull \hbox (badness 10000) in paragraph at lines 639--665
\T1/ptm/m/n/10 8849842857603014373134525299794078691886854810
 []


Underfull \hbox (badness 10000) in paragraph at lines 639--665
\T1/ptm/m/n/10 5603908015423664977543898648278786567743226997
 []


Underfull \hbox (badness 10000) in paragraph at lines 639--665
\T1/ptm/m/n/10 5416664369348082878785110325403656214628123657
 []


Underfull \hbox (badness 10000) in paragraph at lines 639--665
\T1/ptm/m/n/10 8343981594714934255035240916121247318527972388
 []


Underfull \hbox (badness 10000) in paragraph at lines 639--665
\T1/ptm/m/n/10 2201234636702482703811610985198797601698765040
 []


Underfull \hbox (badness 10000) in paragraph at lines 639--665
\T1/ptm/m/n/10 3508460895380636459400158418849121590902661338
 []


Underfull \hbox (badness 10000) in paragraph at lines 639--665
\T1/ptm/m/n/10 5748853315369723214248872461902419416573439542
 []


Underfull \hbox (badness 10000) in paragraph at lines 639--665
\T1/ptm/m/n/10 2200897639482130324346092642743868957401067686
 []


Underfull \hbox (badness 10000) in paragraph at lines 639--665
\T1/ptm/m/n/10 7013116433046606838088959209120832514493173015
 []


Underfull \hbox (badness 10000) in paragraph at lines 639--665
\T1/ptm/m/n/10 7312369868544224841184492941539656908033003270
 []


Underfull \hbox (badness 10000) in paragraph at lines 639--665
\T1/ptm/m/n/10 69043964253760984321027021178046511033251334870
 []


Underfull \hbox (badness 10000) in paragraph at lines 639--665
\T1/ptm/m/n/10 24320963295387572001417776428516000839066484952
 []


Underfull \hbox (badness 10000) in paragraph at lines 639--665
\T1/ptm/m/n/10 82348977075058852574848543950838806946030762212
 []


Underfull \hbox (badness 10000) in paragraph at lines 639--665
\T1/ptm/m/n/10 26853022104484680321940822704091035051122519715
 []


Underfull \hbox (badness 10000) in paragraph at lines 639--665
\T1/ptm/m/n/10 12738481129282130490855126442787777504646995883
 []


Underfull \hbox (badness 10000) in paragraph at lines 639--665
\T1/ptm/m/n/10 11153186979704230151680779643240124809252419805
 []


Underfull \hbox (badness 10000) in paragraph at lines 639--665
\T1/ptm/m/n/10 82120370426231115163816530205520468835479316234
 []


Underfull \hbox (badness 10000) in paragraph at lines 639--665
\T1/ptm/m/n/10 70338418403100633871651476961221162337212504760
 []


Underfull \hbox (badness 10000) in paragraph at lines 639--665
\T1/ptm/m/n/10 48642807459290789926155699342524429094135948217
 []


Underfull \hbox (badness 10000) in paragraph at lines 639--665
\T1/ptm/m/n/10 73496553678500305809311377744455041539012410776
 []


Underfull \hbox (badness 10000) in paragraph at lines 667--693
[]|\T1/ptm/m/n/10 43211492634276783754495948928515095427988834473
 []


Underfull \hbox (badness 10000) in paragraph at lines 667--693
\T1/ptm/m/n/10 23042067703695440993936885154733278587253309719
 []


Underfull \hbox (badness 10000) in paragraph at lines 667--693
\T1/ptm/m/n/10 62099240899366022233574589952236588965669362843
 []


Underfull \hbox (badness 10000) in paragraph at lines 667--693
\T1/ptm/m/n/10 26715113226229563506000928322912682994666465121
 []


Underfull \hbox (badness 10000) in paragraph at lines 667--693
\T1/ptm/m/n/10 87696383129164659704880708247464555612715431404
 []


Underfull \hbox (badness 10000) in paragraph at lines 667--693
\T1/ptm/m/n/10 15630215043676943245598118762907208336879339052
 []


Underfull \hbox (badness 10000) in paragraph at lines 667--693
\T1/ptm/m/n/10 21009592766753348890688385332666351027637550429
 []


Underfull \hbox (badness 10000) in paragraph at lines 667--693
\T1/ptm/m/n/10 68030860348288306315095594109582777823601830290
 []


Underfull \hbox (badness 10000) in paragraph at lines 667--693
\T1/ptm/m/n/10 62792845278293529267816585437310868449287878891
 []


Underfull \hbox (badness 10000) in paragraph at lines 667--693
\T1/ptm/m/n/10 19321321396151597693485380238906786332559337153
 []


Underfull \hbox (badness 10000) in paragraph at lines 667--693
\T1/ptm/m/n/10 42308799049100640333934318281421731353558538919
 []


Underfull \hbox (badness 10000) in paragraph at lines 667--693
\T1/ptm/m/n/10 14438227759932085414301988924045664298678306156
 []


Underfull \hbox (badness 10000) in paragraph at lines 667--693
\T1/ptm/m/n/10 61209525924618410551012613446247349871361880743
 []


Underfull \hbox (badness 10000) in paragraph at lines 667--693
\T1/ptm/m/n/10 36616811460565014236632093444146624921164025283
 []


Underfull \hbox (badness 10000) in paragraph at lines 667--693
\T1/ptm/m/n/10 48449131687869447004895777579260792741131733963
 []


Underfull \hbox (badness 10000) in paragraph at lines 667--693
\T1/ptm/m/n/10 48886339177056078982926392440587830093869435641
 []


Underfull \hbox (badness 10000) in paragraph at lines 667--693
\T1/ptm/m/n/10 13046907740390146107083855093754734846339634217
 []


Underfull \hbox (badness 10000) in paragraph at lines 667--693
\T1/ptm/m/n/10 93704283539257238171026902372961631009108740918
 []


Underfull \hbox (badness 10000) in paragraph at lines 667--693
\T1/ptm/m/n/10 54506485187141058361924917862312981308758819806
 []


Underfull \hbox (badness 10000) in paragraph at lines 667--693
\T1/ptm/m/n/10 31429976313247611839815191043311597612728252946
 []


Underfull \hbox (badness 10000) in paragraph at lines 667--693
\T1/ptm/m/n/10 66519454203222490986401509182133072708018099358
 []


Underfull \hbox (badness 10000) in paragraph at lines 667--693
\T1/ptm/m/n/10 80411112875712611979989180994550562466865024239
 []


Underfull \hbox (badness 10000) in paragraph at lines 667--693
\T1/ptm/m/n/10 39037132930393987657484948152291278353415278706
 []


Underfull \hbox (badness 10000) in paragraph at lines 667--693
\T1/ptm/m/n/10 82368690712262905241408522816946170377352071022
 []


Underfull \hbox (badness 10000) in paragraph at lines 667--693
\T1/ptm/m/n/10 43147211794005736693342189222886804912980036687
 []


Underfull \hbox (badness 10000) in paragraph at lines 667--693
\T1/ptm/m/n/10 31953833497307941370522364693099839753174419531
 []


Underfull \hbox (badness 10000) in paragraph at lines 695--721
[]|\T1/ptm/m/n/10 49984710841722523575153694013222036663872958578
 []


Underfull \hbox (badness 10000) in paragraph at lines 695--721
\T1/ptm/m/n/10 83741250679222263998479122216653674064413863160
 []


Underfull \hbox (badness 10000) in paragraph at lines 695--721
\T1/ptm/m/n/10 19919749008786504188137495104771704570044258171
 []


Underfull \hbox (badness 10000) in paragraph at lines 695--721
\T1/ptm/m/n/10 78190633494240559189500320955071222981995834863
 []


Underfull \hbox (badness 10000) in paragraph at lines 695--721
\T1/ptm/m/n/10 89936395549870324994517461824314307479236067878
 []


Underfull \hbox (badness 10000) in paragraph at lines 695--721
\T1/ptm/m/n/10 27943682450646195931806709793459545427861446166
 []


Underfull \hbox (badness 10000) in paragraph at lines 695--721
\T1/ptm/m/n/10 67358148620434375319200142754813103960214923103
 []


Underfull \hbox (badness 10000) in paragraph at lines 695--721
\T1/ptm/m/n/10 41481619573994720321446671673394824840510083494
 []


Underfull \hbox (badness 10000) in paragraph at lines 695--721
\T1/ptm/m/n/10 18379225637301211540009993348048857914918463104
 []


Underfull \hbox (badness 10000) in paragraph at lines 695--721
\T1/ptm/m/n/10 41301160845346100702375044527571124420318647741
 []


Underfull \hbox (badness 10000) in paragraph at lines 695--721
\T1/ptm/m/n/10 71669844097433466208150225806390676659280704168
 []


Underfull \hbox (badness 10000) in paragraph at lines 695--721
\T1/ptm/m/n/10 31401334320102962864103802615150600780595750928
 []


Underfull \hbox (badness 10000) in paragraph at lines 695--721
\T1/ptm/m/n/10 42077053834984148832663978320889032203952297564
 []


Underfull \hbox (badness 10000) in paragraph at lines 695--721
\T1/ptm/m/n/10 06897743074208271580428497443631162956224951585
 []


Underfull \hbox (badness 10000) in paragraph at lines 695--721
\T1/ptm/m/n/10 93440420082842912954754329639410292075422563742
 []


Underfull \hbox (badness 10000) in paragraph at lines 695--721
\T1/ptm/m/n/10 79713428872424850335548012251172695444255450181
 []


Underfull \hbox (badness 10000) in paragraph at lines 695--721
\T1/ptm/m/n/10 34588221080130925821396063965977044112770917733
 []


Underfull \hbox (badness 10000) in paragraph at lines 695--721
\T1/ptm/m/n/10 37878554082698932329124609978637258410253828247
 []


Underfull \hbox (badness 10000) in paragraph at lines 695--721
\T1/ptm/m/n/10 89184058687857243884604552679218651933487269182
 []


Underfull \hbox (badness 10000) in paragraph at lines 695--721
\T1/ptm/m/n/10 81302020843029865690978802141373182139512877601
 []


Underfull \hbox (badness 10000) in paragraph at lines 695--721
\T1/ptm/m/n/10 05260566305668886701751572123123030744229596311
 []


Underfull \hbox (badness 10000) in paragraph at lines 695--721
\T1/ptm/m/n/10 08592864939704918866062164981920934133596447152
 []


Underfull \hbox (badness 10000) in paragraph at lines 695--721
\T1/ptm/m/n/10 72841383904137959606350882245353231823102249292
 []


Underfull \hbox (badness 10000) in paragraph at lines 695--721
\T1/ptm/m/n/10 15435158068506580679094760737149237515791675172
 []


Underfull \hbox (badness 10000) in paragraph at lines 695--721
\T1/ptm/m/n/10 99582012312261294644176802504600473092985255024
 []


Underfull \hbox (badness 10000) in paragraph at lines 695--721
\T1/ptm/m/n/10 08793555301976007738999775092702235499789892748
 []


Underfull \hbox (badness 10000) in paragraph at lines 723--749
[]|\T1/ptm/m/n/10 37274233314568899632336507339050019789629231496
 []


Underfull \hbox (badness 10000) in paragraph at lines 723--749
\T1/ptm/m/n/10 06062029686083159997299830441140288599528403812
 []


Underfull \hbox (badness 10000) in paragraph at lines 723--749
\T1/ptm/m/n/10 22398523702755637336721939650587594947948846083
 []


Underfull \hbox (badness 10000) in paragraph at lines 723--749
\T1/ptm/m/n/10 89545255103822833685482527687289578622423435612
 []


Underfull \hbox (badness 10000) in paragraph at lines 723--749
\T1/ptm/m/n/10 86416635699223738998005754188389053446753360218
 []


Underfull \hbox (badness 10000) in paragraph at lines 723--749
\T1/ptm/m/n/10 31464642319789751403194208976586070433110370385
 []


Underfull \hbox (badness 10000) in paragraph at lines 723--749
\T1/ptm/m/n/10 05592618568036443061992519519719009338344589830
 []


Underfull \hbox (badness 10000) in paragraph at lines 723--749
\T1/ptm/m/n/10 44488437234284711651809097435974075241967365634
 []


Underfull \hbox (badness 10000) in paragraph at lines 723--749
\T1/ptm/m/n/10 72146132762651519392059492481647581696620455398
 []


Underfull \hbox (badness 10000) in paragraph at lines 723--749
\T1/ptm/m/n/10 03875420544179045671080895733802929115871249179
 []


Underfull \hbox (badness 10000) in paragraph at lines 723--749
\T1/ptm/m/n/10 62133770885709183660229915987453981495137220495
 []


Underfull \hbox (badness 10000) in paragraph at lines 723--749
\T1/ptm/m/n/10 88646682012126984835436923154339859963060749253
 []


Underfull \hbox (badness 10000) in paragraph at lines 723--749
\T1/ptm/m/n/10 01594390839263701448765233736864102207106814661
 []


Underfull \hbox (badness 10000) in paragraph at lines 723--749
\T1/ptm/m/n/10 04350615707034766992674453524390710870819951506
 []


Underfull \hbox (badness 10000) in paragraph at lines 723--749
\T1/ptm/m/n/10 01852181089675322885031475237424423825157621493
 []


Underfull \hbox (badness 10000) in paragraph at lines 723--749
\T1/ptm/m/n/10 36965736887149132379504908301827132018087144070
 []


Underfull \hbox (badness 10000) in paragraph at lines 723--749
\T1/ptm/m/n/10 32062145629308174225545179785250428483096090946
 []


Underfull \hbox (badness 10000) in paragraph at lines 723--749
\T1/ptm/m/n/10 34861385077783117198030672816309307049699133097
 []


Underfull \hbox (badness 10000) in paragraph at lines 723--749
\T1/ptm/m/n/10 82952695273067585613131052909138679031105577400
 []


Underfull \hbox (badness 10000) in paragraph at lines 723--749
\T1/ptm/m/n/10 37840163001329011139289305521862477012725358782
 []


Underfull \hbox (badness 10000) in paragraph at lines 723--749
\T1/ptm/m/n/10 29195775060579354446808334159421474542048448365
 []


Underfull \hbox (badness 10000) in paragraph at lines 723--749
\T1/ptm/m/n/10 85752376432650430314321084391645478441757689635
 []


Underfull \hbox (badness 10000) in paragraph at lines 723--749
\T1/ptm/m/n/10 95714855588446207564456047049009326015530030953
 []


Underfull \hbox (badness 10000) in paragraph at lines 723--749
\T1/ptm/m/n/10 61868904046835396305151371360444659458136647671
 []


Underfull \hbox (badness 10000) in paragraph at lines 723--749
\T1/ptm/m/n/10 90528787131934564299965488828855213611220870752
 []


Underfull \hbox (badness 10000) in paragraph at lines 723--749
\T1/ptm/m/n/10 87432303843976070544079032825364542972488144223
 []

Package babel Info: Redefining portuges shorthand "|
(babel)             in language  on input line 751.
Package babel Info: Redefining portuges shorthand "|
(babel)             in language  on input line 751.
[16]
Package babel Info: Redefining portuges shorthand "|
(babel)             in language  on input line 751.
Package babel Info: Redefining portuges shorthand "|
(babel)             in language  on input line 751.
 [17]
Package babel Info: Redefining portuges shorthand "|
(babel)             in language  on input line 751.
Package babel Info: Redefining portuges shorthand "|
(babel)             in language  on input line 751.
 [18]
Package babel Info: Redefining portuges shorthand "|
(babel)             in language  on input line 751.
Package babel Info: Redefining portuges shorthand "|
(babel)             in language  on input line 751.
 [19]
Package babel Info: Redefining portuges shorthand "|
(babel)             in language  on input line 751.
Package babel Info: Redefining portuges shorthand "|
(babel)             in language  on input line 751.
 [20]
Package babel Info: Redefining portuges shorthand "|
(babel)             in language  on input line 751.
Package babel Info: Redefining portuges shorthand "|
(babel)             in language  on input line 751.
 [21]
Package babel Info: Redefining portuges shorthand "|
(babel)             in language  on input line 751.
Package babel Info: Redefining portuges shorthand "|
(babel)             in language  on input line 751.
 [22]
Package babel Info: Redefining portuges shorthand "|
(babel)             in language  on input line 751.
Package babel Info: Redefining portuges shorthand "|
(babel)             in language  on input line 751.
 [23]
+-------------------------------------------------------------------+
| Comentario, sugestao ou critica sobre o abnTeX? Entre em contato: |
|                  http://abntex.codigolivre.org.br                 |
+-------------------------------------------------------------------+
Package atveryend Info: Empty hook `BeforeClearDocument' on input line 753.
Package babel Info: Redefining portuges shorthand "|
(babel)             in language  on input line 753.
Package babel Info: Redefining portuges shorthand "|
(babel)             in language  on input line 753.
[24]
Package atveryend Info: Empty hook `AfterLastShipout' on input line 753.
 (./trabalho_2.aux)
Package atveryend Info: Executing hook `AtVeryEndDocument' on input line 753.
Package atveryend Info: Executing hook `AtEndAfterFileList' on input line 753.
Package rerunfilecheck Info: File `trabalho_2.out' has not changed.
(rerunfilecheck)             Checksum: BDE063CB122722F5DF5A2592CE1635FA;513.


LaTeX Warning: There were multiply-defined labels.

Package atveryend Info: Empty hook `AtVeryVeryEnd' on input line 753.
 ) 
Here is how much of TeX's memory you used:
 11090 strings out of 492982
 156896 string characters out of 6134896
 373344 words of memory out of 5000000
 14207 multiletter control sequences out of 15000+600000
 35674 words of font info for 66 fonts, out of 8000000 for 9000
 1141 hyphenation exceptions out of 8191
 42i,7n,43p,1182b,1904s stack positions out of 5000i,500n,10000p,200000b,80000s
{/usr/share/texlive/texmf-dist/fonts/enc/dvips/base/8r.enc}</usr/share/texliv
e/texmf-dist/fonts/type1/public/amsfonts/cm/cmsy10.pfb></usr/share/texlive/texm
f-dist/fonts/type1/public/amsfonts/cm/cmsy9.pfb></usr/share/texlive/texmf-dist/
fonts/type1/urw/times/utmb8a.pfb></usr/share/texlive/texmf-dist/fonts/type1/urw
/times/utmr8a.pfb></usr/share/texlive/texmf-dist/fonts/type1/urw/times/utmri8a.
pfb>
Output written on trabalho_2.pdf (24 pages, 109932 bytes).
PDF statistics:
 401 PDF objects out of 1000 (max. 8388607)
 366 compressed objects within 4 object streams
 216 named destinations out of 1000 (max. 500000)
 65 words of extra memory for PDF output out of 10000 (max. 10000000)

